<?xml version="1.0" encoding="UTF-8"?>
<!-- Generated by org.testng.reporters.JUnitXMLReporter -->
<testsuite hostname="unknown-20-c9-d0-7c-e3-1f.home" name="Default test(failed)" tests="1" failures="1" timestamp="2 Mar 2013 00:30:07 GMT" time="8.136" errors="0">
  <testcase name="CheckSwitchToFrame" time="0.032" classname="tests.ControlTests">
    <failure type="java.lang.AssertionError" message="org.openqa.selenium.NoSuchFrameException: Unable to locate frame: iframe_1
Command duration or timeout: 13 milliseconds
Build info: version: &amp;apos;2.28.0&amp;apos;, revision: &amp;apos;18309&amp;apos;, time: &amp;apos;2012-12-11 20:21:18&amp;apos;
System info: os.name: &amp;apos;Mac OS X&amp;apos;, os.arch: &amp;apos;x86_64&amp;apos;, os.version: &amp;apos;10.8.2&amp;apos;, java.version: &amp;apos;1.7.0_11&amp;apos;
Session ID: 8c12aaa0-2029-ca4d-af5f-027445829180
Driver info: org.openqa.selenium.firefox.FirefoxDriver
Capabilities [{platform=MAC, databaseEnabled=true, cssSelectorsEnabled=true, javascriptEnabled=true, acceptSslCerts=true, handlesAlerts=true, browserName=firefox, browserConnectionEnabled=true, nativeEvents=false, webStorageEnabled=true, rotatable=false, locationContextEnabled=true, applicationCacheEnabled=true, takesScreenshot=true, version=18.0.2}]">
      <![CDATA[java.lang.AssertionError: org.openqa.selenium.NoSuchFrameException: Unable to locate frame: iframe_1
Command duration or timeout: 13 milliseconds
Build info: version: '2.28.0', revision: '18309', time: '2012-12-11 20:21:18'
System info: os.name: 'Mac OS X', os.arch: 'x86_64', os.version: '10.8.2', java.version: '1.7.0_11'
Session ID: 8c12aaa0-2029-ca4d-af5f-027445829180
Driver info: org.openqa.selenium.firefox.FirefoxDriver
Capabilities [{platform=MAC, databaseEnabled=true, cssSelectorsEnabled=true, javascriptEnabled=true, acceptSslCerts=true, handlesAlerts=true, browserName=firefox, browserConnectionEnabled=true, nativeEvents=false, webStorageEnabled=true, rotatable=false, locationContextEnabled=true, applicationCacheEnabled=true, takesScreenshot=true, version=18.0.2}]
	at tests.ControlTests.CheckSwitchToFrame(ControlTests.java:44)
... Removed 25 stack frames]]>
    </failure>
  </testcase> <!-- CheckSwitchToFrame -->
</testsuite> <!-- Default test(failed) -->
